# JRE version: Java(TM) SE Runtime Environment (8.0_45-b15) (build 1.8.0_45-b15)
# Java VM: Java HotSpot(TM) 64-Bit Server VM (25.45-b02 mixed mode windows-amd64 compressed oops)
Heap:
 PSYoungGen      total 56832K, used 10366K [0x00000007bc400000, 0x00000007c0000000, 0x00000007c0000000)
  eden space 51712K, 17% used [0x00000007bc400000,0x00000007bcca7b08,0x00000007bf680000)
  from space 5120K, 29% used [0x00000007bfb00000,0x00000007bfc78000,0x00000007c0000000)
  to   space 4608K, 0% used [0x00000007bf680000,0x00000007bf680000,0x00000007bfb00000)
 ParOldGen       total 162816K, used 65154K [0x0000000700000000, 0x0000000709f00000, 0x00000007bc400000)
  object space 162816K, 40% used [0x0000000700000000,0x0000000703fa0b70,0x0000000709f00000)
 Metaspace       used 62970K, capacity 63489K, committed 63872K, reserved 1103872K
  class space    used 8652K, capacity 8776K, committed 8832K, reserved 1048576K
GC Heap History (10 events):
Event: 8985.408 GC heap before
{Heap before GC invocations=1164 (full 263):
 PSYoungGen      total 57344K, used 57326K [0x00000007bc400000, 0x00000007c0000000, 0x00000007c0000000)
  eden space 54272K, 100% used [0x00000007bc400000,0x00000007bf900000,0x00000007bf900000)
  from space 3072K, 99% used [0x00000007bfd00000,0x00000007bfffb880,0x00000007c0000000)
  to   space 3584K, 0% used [0x00000007bf900000,0x00000007bf900000,0x00000007bfc80000)
 ParOldGen       total 162816K, used 77529K [0x0000000700000000, 0x0000000709f00000, 0x00000007bc400000)
  object space 162816K, 47% used [0x0000000700000000,0x0000000704bb6450,0x0000000709f00000)
 Metaspace       used 62914K, capacity 63393K, committed 63872K, reserved 1103872K
  class space    used 8634K, capacity 8744K, committed 8832K, reserved 1048576K
Event: 8985.411 GC heap after
Heap after GC invocations=1164 (full 263):
 PSYoungGen      total 56832K, used 2983K [0x00000007bc400000, 0x00000007c0000000, 0x00000007c0000000)
  eden space 53760K, 0% used [0x00000007bc400000,0x00000007bc400000,0x00000007bf880000)
  from space 3072K, 97% used [0x00000007bf900000,0x00000007bfbe9c70,0x00000007bfc00000)
  to   space 4096K, 0% used [0x00000007bfc00000,0x00000007bfc00000,0x00000007c0000000)
 ParOldGen       total 162816K, used 77529K [0x0000000700000000, 0x0000000709f00000, 0x00000007bc400000)
  object space 162816K, 47% used [0x0000000700000000,0x0000000704bb6450,0x0000000709f00000)
 Metaspace       used 62914K, capacity 63393K, committed 63872K, reserved 1103872K
  class space    used 8634K, capacity 8744K, committed 8832K, reserved 1048576K
}
Event: 9170.814 GC heap before
{Heap before GC invocations=1165 (full 263):
 PSYoungGen      total 56832K, used 52963K [0x00000007bc400000, 0x00000007c0000000, 0x00000007c0000000)
  eden space 53760K, 92% used [0x00000007bc400000,0x00000007bf4cef90,0x00000007bf880000)
  from space 3072K, 97% used [0x00000007bf900000,0x00000007bfbe9c70,0x00000007bfc00000)
  to   space 4096K, 0% used [0x00000007bfc00000,0x00000007bfc00000,0x00000007c0000000)
 ParOldGen       total 162816K, used 77529K [0x0000000700000000, 0x0000000709f00000, 0x00000007bc400000)
  object space 162816K, 47% used [0x0000000700000000,0x0000000704bb6450,0x0000000709f00000)
 Metaspace       used 62925K, capacity 63393K, committed 63872K, reserved 1103872K
  class space    used 8637K, capacity 8744K, committed 8832K, reserved 1048576K
Event: 9170.825 GC heap after
Heap after GC invocations=1165 (full 263):
 PSYoungGen      total 55296K, used 4076K [0x00000007bc400000, 0x00000007c0000000, 0x00000007c0000000)
  eden space 51200K, 0% used [0x00000007bc400000,0x00000007bc400000,0x00000007bf600000)
  from space 4096K, 99% used [0x00000007bfc00000,0x00000007bfffb318,0x00000007c0000000)
  to   space 5120K, 0% used [0x00000007bf600000,0x00000007bf600000,0x00000007bfb00000)
 ParOldGen       total 162816K, used 78969K [0x0000000700000000, 0x0000000709f00000, 0x00000007bc400000)
  object space 162816K, 48% used [0x0000000700000000,0x0000000704d1e450,0x0000000709f00000)
 Metaspace       used 62925K, capacity 63393K, committed 63872K, reserved 1103872K
  class space    used 8637K, capacity 8744K, committed 8832K, reserved 1048576K
}
Event: 9170.825 GC heap before
{Heap before GC invocations=1166 (full 264):
 PSYoungGen      total 55296K, used 4076K [0x00000007bc400000, 0x00000007c0000000, 0x00000007c0000000)
  eden space 51200K, 0% used [0x00000007bc400000,0x00000007bc400000,0x00000007bf600000)
  from space 4096K, 99% used [0x00000007bfc00000,0x00000007bfffb318,0x00000007c0000000)
  to   space 5120K, 0% used [0x00000007bf600000,0x00000007bf600000,0x00000007bfb00000)
 ParOldGen       total 162816K, used 78969K [0x0000000700000000, 0x0000000709f00000, 0x00000007bc400000)
  object space 162816K, 48% used [0x0000000700000000,0x0000000704d1e450,0x0000000709f00000)
 Metaspace       used 62925K, capacity 63393K, committed 63872K, reserved 1103872K
  class space    used 8637K, capacity 8744K, committed 8832K, reserved 1048576K
Event: 9171.032 GC heap after
Heap after GC invocations=1166 (full 264):
 PSYoungGen      total 55296K, used 0K [0x00000007bc400000, 0x00000007c0000000, 0x00000007c0000000)
  eden space 51200K, 0% used [0x00000007bc400000,0x00000007bc400000,0x00000007bf600000)
  from space 4096K, 0% used [0x00000007bfc00000,0x00000007bfc00000,0x00000007c0000000)
  to   space 5120K, 0% used [0x00000007bf600000,0x00000007bf600000,0x00000007bfb00000)
 ParOldGen       total 162816K, used 65154K [0x0000000700000000, 0x0000000709f00000, 0x00000007bc400000)
  object space 162816K, 40% used [0x0000000700000000,0x0000000703fa0b70,0x0000000709f00000)
 Metaspace       used 62925K, capacity 63393K, committed 63872K, reserved 1103872K
  class space    used 8637K, capacity 8744K, committed 8832K, reserved 1048576K
}
Event: 9190.175 GC heap before
{Heap before GC invocations=1167 (full 264):
 PSYoungGen      total 55296K, used 51200K [0x00000007bc400000, 0x00000007c0000000, 0x00000007c0000000)
  eden space 51200K, 100% used [0x00000007bc400000,0x00000007bf600000,0x00000007bf600000)
  from space 4096K, 0% used [0x00000007bfc00000,0x00000007bfc00000,0x00000007c0000000)
  to   space 5120K, 0% used [0x00000007bf600000,0x00000007bf600000,0x00000007bfb00000)
 ParOldGen       total 162816K, used 65154K [0x0000000700000000, 0x0000000709f00000, 0x00000007bc400000)
  object space 162816K, 40% used [0x0000000700000000,0x0000000703fa0b70,0x0000000709f00000)
 Metaspace       used 62964K, capacity 63489K, committed 63872K, reserved 1103872K
  class space    used 8651K, capacity 8776K, committed 8832K, reserved 1048576K
Event: 9190.179 GC heap after
Heap after GC invocations=1167 (full 264):
 PSYoungGen      total 56320K, used 1632K [0x00000007bc400000, 0x00000007c0000000, 0x00000007c0000000)
  eden space 51200K, 0% used [0x00000007bc400000,0x00000007bc400000,0x00000007bf600000)
  from space 5120K, 31% used [0x00000007bf600000,0x00000007bf798000,0x00000007bfb00000)
  to   space 5120K, 0% used [0x00000007bfb00000,0x00000007bfb00000,0x00000007c0000000)
 ParOldGen       total 162816K, used 65154K [0x0000000700000000, 0x0000000709f00000, 0x00000007bc400000)
  object space 162816K, 40% used [0x0000000700000000,0x0000000703fa0b70,0x0000000709f00000)
 Metaspace       used 62964K, capacity 63489K, committed 63872K, reserved 1103872K
  class space    used 8651K, capacity 8776K, committed 8832K, reserved 1048576K
}
Event: 9192.050 GC heap before
{Heap before GC invocations=1168 (full 264):
 PSYoungGen      total 56320K, used 52832K [0x00000007bc400000, 0x00000007c0000000, 0x00000007c0000000)
  eden space 51200K, 100% used [0x00000007bc400000,0x00000007bf600000,0x00000007bf600000)
  from space 5120K, 31% used [0x00000007bf600000,0x00000007bf798000,0x00000007bfb00000)
  to   space 5120K, 0% used [0x00000007bfb00000,0x00000007bfb00000,0x00000007c0000000)
 ParOldGen       total 162816K, used 65154K [0x0000000700000000, 0x0000000709f00000, 0x00000007bc400000)
  object space 162816K, 40% used [0x0000000700000000,0x0000000703fa0b70,0x0000000709f00000)
 Metaspace       used 62964K, capacity 63489K, committed 63872K, reserved 1103872K
  class space    used 8651K, capacity 8776K, committed 8832K, reserved 1048576K
Event: 9192.053 GC heap after
Heap after GC invocations=1168 (full 264):
 PSYoungGen      total 56832K, used 1504K [0x00000007bc400000, 0x00000007c0000000, 0x00000007c0000000)
  eden space 51712K, 0% used [0x00000007bc400000,0x00000007bc400000,0x00000007bf680000)
  from space 5120K, 29% used [0x00000007bfb00000,0x00000007bfc78000,0x00000007c0000000)
  to   space 4608K, 0% used [0x00000007bf680000,0x00000007bf680000,0x00000007bfb00000)
 ParOldGen       total 162816K, used 65154K [0x0000000700000000, 0x0000000709f00000, 0x00000007bc400000)
  object space 162816K, 40% used [0x0000000700000000,0x0000000703fa0b70,0x0000000709f00000)
 Metaspace       used 62964K, capacity 63489K, committed 63872K, reserved 1103872K
  class space    used 8651K, capacity 8776K, committed 8832K, reserved 1048576K
}

